Analysis & Synthesis report for alu
Sun Dec 10 23:48:20 2023
Quartus Prime Version 20.1.1 Build 720 11/11/2020 SJ Lite Edition


---------------------
; Table of Contents ;
---------------------
  1. Legal Notice
  2. Analysis & Synthesis Summary
  3. Analysis & Synthesis Settings
  4. Parallel Compilation
  5. Analysis & Synthesis Source Files Read
  6. Analysis & Synthesis Resource Usage Summary
  7. Analysis & Synthesis Resource Utilization by Entity
  8. State Machine - |alu|mod:mod_inst|mod_cu:control_unit|state
  9. Registers Removed During Synthesis
 10. General Register Statistics
 11. Multiplexer Restructuring Statistics (Restructuring Performed)
 12. Port Connectivity Checks: "less_than_32bit:less_than_inst|or_gate_32bit:my_or"
 13. Port Connectivity Checks: "less_than_32bit:less_than_inst|subtractor_32bit:subtractor_inst|cla_adder_32bit:add_one_to_inverted_b|cla_adder_4bit:cla_block7"
 14. Port Connectivity Checks: "less_than_32bit:less_than_inst|subtractor_32bit:subtractor_inst|cla_adder_32bit:add_one_to_inverted_b|cla_adder_4bit:cla_block0"
 15. Port Connectivity Checks: "less_than_32bit:less_than_inst|subtractor_32bit:subtractor_inst|cla_adder_32bit:add_one_to_inverted_b"
 16. Port Connectivity Checks: "less_than_32bit:less_than_inst|subtractor_32bit:subtractor_inst"
 17. Post-Synthesis Netlist Statistics for Top Partition
 18. Elapsed Time Per Partition
 19. Analysis & Synthesis Messages
 20. Analysis & Synthesis Suppressed Messages



----------------
; Legal Notice ;
----------------
Copyright (C) 2020  Intel Corporation. All rights reserved.
Your use of Intel Corporation's design tools, logic functions 
and other software and tools, and any partner logic 
functions, and any output files from any of the foregoing 
(including device programming or simulation files), and any 
associated documentation or information are expressly subject 
to the terms and conditions of the Intel Program License 
Subscription Agreement, the Intel Quartus Prime License Agreement,
the Intel FPGA IP License Agreement, or other applicable license
agreement, including, without limitation, that your use is for
the sole purpose of programming logic devices manufactured by
Intel and sold by Intel or its authorized distributors.  Please
refer to the applicable agreement for further details, at
https://fpgasoftware.intel.com/eula.



+-------------------------------------------------------------------------------+
; Analysis & Synthesis Summary                                                  ;
+---------------------------------+---------------------------------------------+
; Analysis & Synthesis Status     ; Successful - Sun Dec 10 23:48:20 2023       ;
; Quartus Prime Version           ; 20.1.1 Build 720 11/11/2020 SJ Lite Edition ;
; Revision Name                   ; alu                                         ;
; Top-level Entity Name           ; alu                                         ;
; Family                          ; Cyclone V                                   ;
; Logic utilization (in ALMs)     ; N/A                                         ;
; Total registers                 ; 68                                          ;
; Total pins                      ; 101                                         ;
; Total virtual pins              ; 0                                           ;
; Total block memory bits         ; 0                                           ;
; Total DSP Blocks                ; 0                                           ;
; Total HSSI RX PCSs              ; 0                                           ;
; Total HSSI PMA RX Deserializers ; 0                                           ;
; Total HSSI TX PCSs              ; 0                                           ;
; Total HSSI PMA TX Serializers   ; 0                                           ;
; Total PLLs                      ; 0                                           ;
; Total DLLs                      ; 0                                           ;
+---------------------------------+---------------------------------------------+


+---------------------------------------------------------------------------------------------------------------------------+
; Analysis & Synthesis Settings                                                                                             ;
+---------------------------------------------------------------------------------+--------------------+--------------------+
; Option                                                                          ; Setting            ; Default Value      ;
+---------------------------------------------------------------------------------+--------------------+--------------------+
; Device                                                                          ; 5CGXFC7C7F23C8     ;                    ;
; Top-level entity name                                                           ; alu                ; alu                ;
; Family name                                                                     ; Cyclone V          ; Cyclone V          ;
; Use smart compilation                                                           ; Off                ; Off                ;
; Enable parallel Assembler and Timing Analyzer during compilation                ; On                 ; On                 ;
; Enable compact report table                                                     ; Off                ; Off                ;
; Restructure Multiplexers                                                        ; Auto               ; Auto               ;
; MLAB Add Timing Constraints For Mixed-Port Feed-Through Mode Setting Don't Care ; Off                ; Off                ;
; Create Debugging Nodes for IP Cores                                             ; Off                ; Off                ;
; Preserve fewer node names                                                       ; On                 ; On                 ;
; Intel FPGA IP Evaluation Mode                                                   ; Enable             ; Enable             ;
; Verilog Version                                                                 ; Verilog_2001       ; Verilog_2001       ;
; VHDL Version                                                                    ; VHDL_1993          ; VHDL_1993          ;
; State Machine Processing                                                        ; Auto               ; Auto               ;
; Safe State Machine                                                              ; Off                ; Off                ;
; Extract Verilog State Machines                                                  ; On                 ; On                 ;
; Extract VHDL State Machines                                                     ; On                 ; On                 ;
; Ignore Verilog initial constructs                                               ; Off                ; Off                ;
; Iteration limit for constant Verilog loops                                      ; 5000               ; 5000               ;
; Iteration limit for non-constant Verilog loops                                  ; 250                ; 250                ;
; Add Pass-Through Logic to Inferred RAMs                                         ; On                 ; On                 ;
; Infer RAMs from Raw Logic                                                       ; On                 ; On                 ;
; Parallel Synthesis                                                              ; On                 ; On                 ;
; DSP Block Balancing                                                             ; Auto               ; Auto               ;
; NOT Gate Push-Back                                                              ; On                 ; On                 ;
; Power-Up Don't Care                                                             ; On                 ; On                 ;
; Remove Redundant Logic Cells                                                    ; Off                ; Off                ;
; Remove Duplicate Registers                                                      ; On                 ; On                 ;
; Ignore CARRY Buffers                                                            ; Off                ; Off                ;
; Ignore CASCADE Buffers                                                          ; Off                ; Off                ;
; Ignore GLOBAL Buffers                                                           ; Off                ; Off                ;
; Ignore ROW GLOBAL Buffers                                                       ; Off                ; Off                ;
; Ignore LCELL Buffers                                                            ; Off                ; Off                ;
; Ignore SOFT Buffers                                                             ; On                 ; On                 ;
; Limit AHDL Integers to 32 Bits                                                  ; Off                ; Off                ;
; Optimization Technique                                                          ; Balanced           ; Balanced           ;
; Carry Chain Length                                                              ; 70                 ; 70                 ;
; Auto Carry Chains                                                               ; On                 ; On                 ;
; Auto Open-Drain Pins                                                            ; On                 ; On                 ;
; Perform WYSIWYG Primitive Resynthesis                                           ; Off                ; Off                ;
; Auto ROM Replacement                                                            ; On                 ; On                 ;
; Auto RAM Replacement                                                            ; On                 ; On                 ;
; Auto DSP Block Replacement                                                      ; On                 ; On                 ;
; Auto Shift Register Replacement                                                 ; Auto               ; Auto               ;
; Allow Shift Register Merging across Hierarchies                                 ; Auto               ; Auto               ;
; Auto Clock Enable Replacement                                                   ; On                 ; On                 ;
; Strict RAM Replacement                                                          ; Off                ; Off                ;
; Allow Synchronous Control Signals                                               ; On                 ; On                 ;
; Force Use of Synchronous Clear Signals                                          ; Off                ; Off                ;
; Auto Resource Sharing                                                           ; Off                ; Off                ;
; Allow Any RAM Size For Recognition                                              ; Off                ; Off                ;
; Allow Any ROM Size For Recognition                                              ; Off                ; Off                ;
; Allow Any Shift Register Size For Recognition                                   ; Off                ; Off                ;
; Use LogicLock Constraints during Resource Balancing                             ; On                 ; On                 ;
; Ignore translate_off and synthesis_off directives                               ; Off                ; Off                ;
; Timing-Driven Synthesis                                                         ; On                 ; On                 ;
; Report Parameter Settings                                                       ; On                 ; On                 ;
; Report Source Assignments                                                       ; On                 ; On                 ;
; Report Connectivity Checks                                                      ; On                 ; On                 ;
; Ignore Maximum Fan-Out Assignments                                              ; Off                ; Off                ;
; Synchronization Register Chain Length                                           ; 3                  ; 3                  ;
; Power Optimization During Synthesis                                             ; Normal compilation ; Normal compilation ;
; HDL message level                                                               ; Level2             ; Level2             ;
; Suppress Register Optimization Related Messages                                 ; Off                ; Off                ;
; Number of Removed Registers Reported in Synthesis Report                        ; 5000               ; 5000               ;
; Number of Swept Nodes Reported in Synthesis Report                              ; 5000               ; 5000               ;
; Number of Inverted Registers Reported in Synthesis Report                       ; 100                ; 100                ;
; Clock MUX Protection                                                            ; On                 ; On                 ;
; Auto Gated Clock Conversion                                                     ; Off                ; Off                ;
; Block Design Naming                                                             ; Auto               ; Auto               ;
; SDC constraint protection                                                       ; Off                ; Off                ;
; Synthesis Effort                                                                ; Auto               ; Auto               ;
; Shift Register Replacement - Allow Asynchronous Clear Signal                    ; On                 ; On                 ;
; Pre-Mapping Resynthesis Optimization                                            ; Off                ; Off                ;
; Analysis & Synthesis Message Level                                              ; Medium             ; Medium             ;
; Disable Register Merging Across Hierarchies                                     ; Auto               ; Auto               ;
; Resource Aware Inference For Block RAM                                          ; On                 ; On                 ;
; Automatic Parallel Synthesis                                                    ; On                 ; On                 ;
; Partial Reconfiguration Bitstream ID                                            ; Off                ; Off                ;
+---------------------------------------------------------------------------------+--------------------+--------------------+


+------------------------------------------+
; Parallel Compilation                     ;
+----------------------------+-------------+
; Processors                 ; Number      ;
+----------------------------+-------------+
; Number detected on machine ; 16          ;
; Maximum allowed            ; 16          ;
;                            ;             ;
; Average used               ; 1.00        ;
; Maximum used               ; 16          ;
;                            ;             ;
; Usage by Processor         ; % Time Used ;
;     Processor 1            ; 100.0%      ;
;     Processors 2-16        ;   0.0%      ;
+----------------------------+-------------+


+-------------------------------------------------------------------------------------------------------------------------------+
; Analysis & Synthesis Source Files Read                                                                                        ;
+----------------------------------+-----------------+------------------------+---------------------------------------+---------+
; File Name with User-Entered Path ; Used in Netlist ; File Type              ; File Name with Absolute Path          ; Library ;
+----------------------------------+-----------------+------------------------+---------------------------------------+---------+
; alu.v                            ; yes             ; User Verilog HDL File  ; D:/project2/alu.v                     ;         ;
; and_gate_32bit.v                 ; yes             ; User Verilog HDL File  ; D:/project2/and_gate_32bit.v          ;         ;
; and_gate_1bit.v                  ; yes             ; User Verilog HDL File  ; D:/project2/and_gate_1bit.v           ;         ;
; or_gate_1bit.v                   ; yes             ; User Verilog HDL File  ; D:/project2/or_gate_1bit.v            ;         ;
; or_gate_32bit.v                  ; yes             ; User Verilog HDL File  ; D:/project2/or_gate_32bit.v           ;         ;
; xor_gate_1bit.v                  ; yes             ; User Verilog HDL File  ; D:/project2/xor_gate_1bit.v           ;         ;
; xor_gate_32bit.v                 ; yes             ; User Verilog HDL File  ; D:/project2/xor_gate_32bit.v          ;         ;
; nor_gate_1bit.v                  ; yes             ; User Verilog HDL File  ; D:/project2/nor_gate_1bit.v           ;         ;
; nor_gate_32bit.v                 ; yes             ; User Verilog HDL File  ; D:/project2/nor_gate_32bit.v          ;         ;
; generate_propagate_unit.v        ; yes             ; User Verilog HDL File  ; D:/project2/generate_propagate_unit.v ;         ;
; cla_adder_4bit.v                 ; yes             ; User Verilog HDL File  ; D:/project2/cla_adder_4bit.v          ;         ;
; cla_adder_32bit.v                ; yes             ; User Verilog HDL File  ; D:/project2/cla_adder_32bit.v         ;         ;
; subtractor_32bit.v               ; yes             ; User Verilog HDL File  ; D:/project2/subtractor_32bit.v        ;         ;
; less_than_32bit.v                ; yes             ; User Verilog HDL File  ; D:/project2/less_than_32bit.v         ;         ;
; mod_dp.v                         ; yes             ; User Verilog HDL File  ; D:/project2/mod_dp.v                  ;         ;
; mod_cu.v                         ; yes             ; User Verilog HDL File  ; D:/project2/mod_cu.v                  ;         ;
; mod.v                            ; yes             ; User Verilog HDL File  ; D:/project2/mod.v                     ;         ;
; mux_8x1_32bit.v                  ; yes             ; User Verilog HDL File  ; D:/project2/mux_8x1_32bit.v           ;         ;
; mux_8x1_1bit.v                   ; yes             ; User Verilog HDL File  ; D:/project2/mux_8x1_1bit.v            ;         ;
+----------------------------------+-----------------+------------------------+---------------------------------------+---------+


+---------------------------------------------------------+
; Analysis & Synthesis Resource Usage Summary             ;
+---------------------------------------------+-----------+
; Resource                                    ; Usage     ;
+---------------------------------------------+-----------+
; Estimate of Logic utilization (ALMs needed) ; 227       ;
;                                             ;           ;
; Combinational ALUT usage for logic          ; 343       ;
;     -- 7 input functions                    ; 10        ;
;     -- 6 input functions                    ; 97        ;
;     -- 5 input functions                    ; 85        ;
;     -- 4 input functions                    ; 52        ;
;     -- <=3 input functions                  ; 99        ;
;                                             ;           ;
; Dedicated logic registers                   ; 68        ;
;                                             ;           ;
; I/O pins                                    ; 101       ;
;                                             ;           ;
; Total DSP Blocks                            ; 0         ;
;                                             ;           ;
; Maximum fan-out node                        ; clk~input ;
; Maximum fan-out                             ; 68        ;
; Total fan-out                               ; 1951      ;
; Average fan-out                             ; 3.18      ;
+---------------------------------------------+-----------+


+---------------------------------------------------------------------------------------------------------------------------------------------------------------------------------------------------------------------------------------------------------------------------------------------------------------------------------------------------------------------+
; Analysis & Synthesis Resource Utilization by Entity                                                                                                                                                                                                                                                                                                                 ;
+--------------------------------------------------+---------------------+---------------------------+-------------------+------------+------+--------------+----------------------------------------------------------------------------------------------------------------------------------------------------------------+-------------------------+--------------+
; Compilation Hierarchy Node                       ; Combinational ALUTs ; Dedicated Logic Registers ; Block Memory Bits ; DSP Blocks ; Pins ; Virtual Pins ; Full Hierarchy Name                                                                                                                                            ; Entity Name             ; Library Name ;
+--------------------------------------------------+---------------------+---------------------------+-------------------+------------+------+--------------+----------------------------------------------------------------------------------------------------------------------------------------------------------------+-------------------------+--------------+
; |alu                                             ; 343 (0)             ; 68 (0)                    ; 0                 ; 0          ; 101  ; 0            ; |alu                                                                                                                                                           ; alu                     ; work         ;
;    |cla_adder_32bit:adder_inst|                  ; 50 (0)              ; 0 (0)                     ; 0                 ; 0          ; 0    ; 0            ; |alu|cla_adder_32bit:adder_inst                                                                                                                                ; cla_adder_32bit         ; work         ;
;       |cla_adder_4bit:cla_block0|                ; 2 (2)               ; 0 (0)                     ; 0                 ; 0          ; 0    ; 0            ; |alu|cla_adder_32bit:adder_inst|cla_adder_4bit:cla_block0                                                                                                      ; cla_adder_4bit          ; work         ;
;       |cla_adder_4bit:cla_block1|                ; 5 (5)               ; 0 (0)                     ; 0                 ; 0          ; 0    ; 0            ; |alu|cla_adder_32bit:adder_inst|cla_adder_4bit:cla_block1                                                                                                      ; cla_adder_4bit          ; work         ;
;       |cla_adder_4bit:cla_block2|                ; 8 (8)               ; 0 (0)                     ; 0                 ; 0          ; 0    ; 0            ; |alu|cla_adder_32bit:adder_inst|cla_adder_4bit:cla_block2                                                                                                      ; cla_adder_4bit          ; work         ;
;       |cla_adder_4bit:cla_block3|                ; 10 (10)             ; 0 (0)                     ; 0                 ; 0          ; 0    ; 0            ; |alu|cla_adder_32bit:adder_inst|cla_adder_4bit:cla_block3                                                                                                      ; cla_adder_4bit          ; work         ;
;       |cla_adder_4bit:cla_block4|                ; 10 (10)             ; 0 (0)                     ; 0                 ; 0          ; 0    ; 0            ; |alu|cla_adder_32bit:adder_inst|cla_adder_4bit:cla_block4                                                                                                      ; cla_adder_4bit          ; work         ;
;       |cla_adder_4bit:cla_block5|                ; 8 (7)               ; 0 (0)                     ; 0                 ; 0          ; 0    ; 0            ; |alu|cla_adder_32bit:adder_inst|cla_adder_4bit:cla_block5                                                                                                      ; cla_adder_4bit          ; work         ;
;          |generate_propagate_unit:gp1|           ; 1 (1)               ; 0 (0)                     ; 0                 ; 0          ; 0    ; 0            ; |alu|cla_adder_32bit:adder_inst|cla_adder_4bit:cla_block5|generate_propagate_unit:gp1                                                                          ; generate_propagate_unit ; work         ;
;       |cla_adder_4bit:cla_block6|                ; 4 (4)               ; 0 (0)                     ; 0                 ; 0          ; 0    ; 0            ; |alu|cla_adder_32bit:adder_inst|cla_adder_4bit:cla_block6                                                                                                      ; cla_adder_4bit          ; work         ;
;       |cla_adder_4bit:cla_block7|                ; 3 (3)               ; 0 (0)                     ; 0                 ; 0          ; 0    ; 0            ; |alu|cla_adder_32bit:adder_inst|cla_adder_4bit:cla_block7                                                                                                      ; cla_adder_4bit          ; work         ;
;    |less_than_32bit:less_than_inst|              ; 66 (0)              ; 0 (0)                     ; 0                 ; 0          ; 0    ; 0            ; |alu|less_than_32bit:less_than_inst                                                                                                                            ; less_than_32bit         ; work         ;
;       |subtractor_32bit:subtractor_inst|         ; 66 (0)              ; 0 (0)                     ; 0                 ; 0          ; 0    ; 0            ; |alu|less_than_32bit:less_than_inst|subtractor_32bit:subtractor_inst                                                                                           ; subtractor_32bit        ; work         ;
;          |cla_adder_32bit:add_one_to_inverted_b| ; 23 (0)              ; 0 (0)                     ; 0                 ; 0          ; 0    ; 0            ; |alu|less_than_32bit:less_than_inst|subtractor_32bit:subtractor_inst|cla_adder_32bit:add_one_to_inverted_b                                                     ; cla_adder_32bit         ; work         ;
;             |cla_adder_4bit:cla_block0|          ; 3 (3)               ; 0 (0)                     ; 0                 ; 0          ; 0    ; 0            ; |alu|less_than_32bit:less_than_inst|subtractor_32bit:subtractor_inst|cla_adder_32bit:add_one_to_inverted_b|cla_adder_4bit:cla_block0                           ; cla_adder_4bit          ; work         ;
;             |cla_adder_4bit:cla_block1|          ; 5 (5)               ; 0 (0)                     ; 0                 ; 0          ; 0    ; 0            ; |alu|less_than_32bit:less_than_inst|subtractor_32bit:subtractor_inst|cla_adder_32bit:add_one_to_inverted_b|cla_adder_4bit:cla_block1                           ; cla_adder_4bit          ; work         ;
;             |cla_adder_4bit:cla_block2|          ; 2 (2)               ; 0 (0)                     ; 0                 ; 0          ; 0    ; 0            ; |alu|less_than_32bit:less_than_inst|subtractor_32bit:subtractor_inst|cla_adder_32bit:add_one_to_inverted_b|cla_adder_4bit:cla_block2                           ; cla_adder_4bit          ; work         ;
;             |cla_adder_4bit:cla_block3|          ; 3 (3)               ; 0 (0)                     ; 0                 ; 0          ; 0    ; 0            ; |alu|less_than_32bit:less_than_inst|subtractor_32bit:subtractor_inst|cla_adder_32bit:add_one_to_inverted_b|cla_adder_4bit:cla_block3                           ; cla_adder_4bit          ; work         ;
;             |cla_adder_4bit:cla_block4|          ; 3 (3)               ; 0 (0)                     ; 0                 ; 0          ; 0    ; 0            ; |alu|less_than_32bit:less_than_inst|subtractor_32bit:subtractor_inst|cla_adder_32bit:add_one_to_inverted_b|cla_adder_4bit:cla_block4                           ; cla_adder_4bit          ; work         ;
;             |cla_adder_4bit:cla_block5|          ; 4 (4)               ; 0 (0)                     ; 0                 ; 0          ; 0    ; 0            ; |alu|less_than_32bit:less_than_inst|subtractor_32bit:subtractor_inst|cla_adder_32bit:add_one_to_inverted_b|cla_adder_4bit:cla_block5                           ; cla_adder_4bit          ; work         ;
;             |cla_adder_4bit:cla_block6|          ; 2 (2)               ; 0 (0)                     ; 0                 ; 0          ; 0    ; 0            ; |alu|less_than_32bit:less_than_inst|subtractor_32bit:subtractor_inst|cla_adder_32bit:add_one_to_inverted_b|cla_adder_4bit:cla_block6                           ; cla_adder_4bit          ; work         ;
;             |cla_adder_4bit:cla_block7|          ; 1 (1)               ; 0 (0)                     ; 0                 ; 0          ; 0    ; 0            ; |alu|less_than_32bit:less_than_inst|subtractor_32bit:subtractor_inst|cla_adder_32bit:add_one_to_inverted_b|cla_adder_4bit:cla_block7                           ; cla_adder_4bit          ; work         ;
;          |cla_adder_32bit:perform_subtraction|   ; 43 (0)              ; 0 (0)                     ; 0                 ; 0          ; 0    ; 0            ; |alu|less_than_32bit:less_than_inst|subtractor_32bit:subtractor_inst|cla_adder_32bit:perform_subtraction                                                       ; cla_adder_32bit         ; work         ;
;             |cla_adder_4bit:cla_block2|          ; 3 (0)               ; 0 (0)                     ; 0                 ; 0          ; 0    ; 0            ; |alu|less_than_32bit:less_than_inst|subtractor_32bit:subtractor_inst|cla_adder_32bit:perform_subtraction|cla_adder_4bit:cla_block2                             ; cla_adder_4bit          ; work         ;
;                |generate_propagate_unit:gp0|     ; 1 (1)               ; 0 (0)                     ; 0                 ; 0          ; 0    ; 0            ; |alu|less_than_32bit:less_than_inst|subtractor_32bit:subtractor_inst|cla_adder_32bit:perform_subtraction|cla_adder_4bit:cla_block2|generate_propagate_unit:gp0 ; generate_propagate_unit ; work         ;
;                |generate_propagate_unit:gp1|     ; 1 (1)               ; 0 (0)                     ; 0                 ; 0          ; 0    ; 0            ; |alu|less_than_32bit:less_than_inst|subtractor_32bit:subtractor_inst|cla_adder_32bit:perform_subtraction|cla_adder_4bit:cla_block2|generate_propagate_unit:gp1 ; generate_propagate_unit ; work         ;
;                |generate_propagate_unit:gp3|     ; 1 (1)               ; 0 (0)                     ; 0                 ; 0          ; 0    ; 0            ; |alu|less_than_32bit:less_than_inst|subtractor_32bit:subtractor_inst|cla_adder_32bit:perform_subtraction|cla_adder_4bit:cla_block2|generate_propagate_unit:gp3 ; generate_propagate_unit ; work         ;
;             |cla_adder_4bit:cla_block3|          ; 12 (9)              ; 0 (0)                     ; 0                 ; 0          ; 0    ; 0            ; |alu|less_than_32bit:less_than_inst|subtractor_32bit:subtractor_inst|cla_adder_32bit:perform_subtraction|cla_adder_4bit:cla_block3                             ; cla_adder_4bit          ; work         ;
;                |generate_propagate_unit:gp0|     ; 1 (1)               ; 0 (0)                     ; 0                 ; 0          ; 0    ; 0            ; |alu|less_than_32bit:less_than_inst|subtractor_32bit:subtractor_inst|cla_adder_32bit:perform_subtraction|cla_adder_4bit:cla_block3|generate_propagate_unit:gp0 ; generate_propagate_unit ; work         ;
;                |generate_propagate_unit:gp3|     ; 2 (2)               ; 0 (0)                     ; 0                 ; 0          ; 0    ; 0            ; |alu|less_than_32bit:less_than_inst|subtractor_32bit:subtractor_inst|cla_adder_32bit:perform_subtraction|cla_adder_4bit:cla_block3|generate_propagate_unit:gp3 ; generate_propagate_unit ; work         ;
;             |cla_adder_4bit:cla_block4|          ; 5 (4)               ; 0 (0)                     ; 0                 ; 0          ; 0    ; 0            ; |alu|less_than_32bit:less_than_inst|subtractor_32bit:subtractor_inst|cla_adder_32bit:perform_subtraction|cla_adder_4bit:cla_block4                             ; cla_adder_4bit          ; work         ;
;                |generate_propagate_unit:gp1|     ; 1 (1)               ; 0 (0)                     ; 0                 ; 0          ; 0    ; 0            ; |alu|less_than_32bit:less_than_inst|subtractor_32bit:subtractor_inst|cla_adder_32bit:perform_subtraction|cla_adder_4bit:cla_block4|generate_propagate_unit:gp1 ; generate_propagate_unit ; work         ;
;             |cla_adder_4bit:cla_block5|          ; 8 (5)               ; 0 (0)                     ; 0                 ; 0          ; 0    ; 0            ; |alu|less_than_32bit:less_than_inst|subtractor_32bit:subtractor_inst|cla_adder_32bit:perform_subtraction|cla_adder_4bit:cla_block5                             ; cla_adder_4bit          ; work         ;
;                |generate_propagate_unit:gp0|     ; 1 (1)               ; 0 (0)                     ; 0                 ; 0          ; 0    ; 0            ; |alu|less_than_32bit:less_than_inst|subtractor_32bit:subtractor_inst|cla_adder_32bit:perform_subtraction|cla_adder_4bit:cla_block5|generate_propagate_unit:gp0 ; generate_propagate_unit ; work         ;
;                |generate_propagate_unit:gp2|     ; 1 (1)               ; 0 (0)                     ; 0                 ; 0          ; 0    ; 0            ; |alu|less_than_32bit:less_than_inst|subtractor_32bit:subtractor_inst|cla_adder_32bit:perform_subtraction|cla_adder_4bit:cla_block5|generate_propagate_unit:gp2 ; generate_propagate_unit ; work         ;
;                |generate_propagate_unit:gp3|     ; 1 (1)               ; 0 (0)                     ; 0                 ; 0          ; 0    ; 0            ; |alu|less_than_32bit:less_than_inst|subtractor_32bit:subtractor_inst|cla_adder_32bit:perform_subtraction|cla_adder_4bit:cla_block5|generate_propagate_unit:gp3 ; generate_propagate_unit ; work         ;
;             |cla_adder_4bit:cla_block6|          ; 8 (4)               ; 0 (0)                     ; 0                 ; 0          ; 0    ; 0            ; |alu|less_than_32bit:less_than_inst|subtractor_32bit:subtractor_inst|cla_adder_32bit:perform_subtraction|cla_adder_4bit:cla_block6                             ; cla_adder_4bit          ; work         ;
;                |generate_propagate_unit:gp0|     ; 1 (1)               ; 0 (0)                     ; 0                 ; 0          ; 0    ; 0            ; |alu|less_than_32bit:less_than_inst|subtractor_32bit:subtractor_inst|cla_adder_32bit:perform_subtraction|cla_adder_4bit:cla_block6|generate_propagate_unit:gp0 ; generate_propagate_unit ; work         ;
;                |generate_propagate_unit:gp1|     ; 1 (1)               ; 0 (0)                     ; 0                 ; 0          ; 0    ; 0            ; |alu|less_than_32bit:less_than_inst|subtractor_32bit:subtractor_inst|cla_adder_32bit:perform_subtraction|cla_adder_4bit:cla_block6|generate_propagate_unit:gp1 ; generate_propagate_unit ; work         ;
;                |generate_propagate_unit:gp2|     ; 1 (1)               ; 0 (0)                     ; 0                 ; 0          ; 0    ; 0            ; |alu|less_than_32bit:less_than_inst|subtractor_32bit:subtractor_inst|cla_adder_32bit:perform_subtraction|cla_adder_4bit:cla_block6|generate_propagate_unit:gp2 ; generate_propagate_unit ; work         ;
;                |generate_propagate_unit:gp3|     ; 1 (1)               ; 0 (0)                     ; 0                 ; 0          ; 0    ; 0            ; |alu|less_than_32bit:less_than_inst|subtractor_32bit:subtractor_inst|cla_adder_32bit:perform_subtraction|cla_adder_4bit:cla_block6|generate_propagate_unit:gp3 ; generate_propagate_unit ; work         ;
;             |cla_adder_4bit:cla_block7|          ; 7 (4)               ; 0 (0)                     ; 0                 ; 0          ; 0    ; 0            ; |alu|less_than_32bit:less_than_inst|subtractor_32bit:subtractor_inst|cla_adder_32bit:perform_subtraction|cla_adder_4bit:cla_block7                             ; cla_adder_4bit          ; work         ;
;                |generate_propagate_unit:gp0|     ; 1 (1)               ; 0 (0)                     ; 0                 ; 0          ; 0    ; 0            ; |alu|less_than_32bit:less_than_inst|subtractor_32bit:subtractor_inst|cla_adder_32bit:perform_subtraction|cla_adder_4bit:cla_block7|generate_propagate_unit:gp0 ; generate_propagate_unit ; work         ;
;                |generate_propagate_unit:gp1|     ; 1 (1)               ; 0 (0)                     ; 0                 ; 0          ; 0    ; 0            ; |alu|less_than_32bit:less_than_inst|subtractor_32bit:subtractor_inst|cla_adder_32bit:perform_subtraction|cla_adder_4bit:cla_block7|generate_propagate_unit:gp1 ; generate_propagate_unit ; work         ;
;                |generate_propagate_unit:gp2|     ; 1 (1)               ; 0 (0)                     ; 0                 ; 0          ; 0    ; 0            ; |alu|less_than_32bit:less_than_inst|subtractor_32bit:subtractor_inst|cla_adder_32bit:perform_subtraction|cla_adder_4bit:cla_block7|generate_propagate_unit:gp2 ; generate_propagate_unit ; work         ;
;    |mod:mod_inst|                                ; 71 (0)              ; 68 (0)                    ; 0                 ; 0          ; 0    ; 0            ; |alu|mod:mod_inst                                                                                                                                              ; mod                     ; work         ;
;       |mod_cu:control_unit|                      ; 3 (3)               ; 3 (3)                     ; 0                 ; 0          ; 0    ; 0            ; |alu|mod:mod_inst|mod_cu:control_unit                                                                                                                          ; mod_cu                  ; work         ;
;       |mod_dp:datapath|                          ; 68 (68)             ; 65 (65)                   ; 0                 ; 0          ; 0    ; 0            ; |alu|mod:mod_inst|mod_dp:datapath                                                                                                                              ; mod_dp                  ; work         ;
;    |mux_8x1_32bit:result_mux|                    ; 113 (0)             ; 0 (0)                     ; 0                 ; 0          ; 0    ; 0            ; |alu|mux_8x1_32bit:result_mux                                                                                                                                  ; mux_8x1_32bit           ; work         ;
;       |mux_8x1_1bit:mux0|                        ; 4 (4)               ; 0 (0)                     ; 0                 ; 0          ; 0    ; 0            ; |alu|mux_8x1_32bit:result_mux|mux_8x1_1bit:mux0                                                                                                                ; mux_8x1_1bit            ; work         ;
;       |mux_8x1_1bit:mux10|                       ; 4 (4)               ; 0 (0)                     ; 0                 ; 0          ; 0    ; 0            ; |alu|mux_8x1_32bit:result_mux|mux_8x1_1bit:mux10                                                                                                               ; mux_8x1_1bit            ; work         ;
;       |mux_8x1_1bit:mux11|                       ; 2 (2)               ; 0 (0)                     ; 0                 ; 0          ; 0    ; 0            ; |alu|mux_8x1_32bit:result_mux|mux_8x1_1bit:mux11                                                                                                               ; mux_8x1_1bit            ; work         ;
;       |mux_8x1_1bit:mux12|                       ; 2 (2)               ; 0 (0)                     ; 0                 ; 0          ; 0    ; 0            ; |alu|mux_8x1_32bit:result_mux|mux_8x1_1bit:mux12                                                                                                               ; mux_8x1_1bit            ; work         ;
;       |mux_8x1_1bit:mux13|                       ; 4 (4)               ; 0 (0)                     ; 0                 ; 0          ; 0    ; 0            ; |alu|mux_8x1_32bit:result_mux|mux_8x1_1bit:mux13                                                                                                               ; mux_8x1_1bit            ; work         ;
;       |mux_8x1_1bit:mux14|                       ; 3 (3)               ; 0 (0)                     ; 0                 ; 0          ; 0    ; 0            ; |alu|mux_8x1_32bit:result_mux|mux_8x1_1bit:mux14                                                                                                               ; mux_8x1_1bit            ; work         ;
;       |mux_8x1_1bit:mux15|                       ; 3 (3)               ; 0 (0)                     ; 0                 ; 0          ; 0    ; 0            ; |alu|mux_8x1_32bit:result_mux|mux_8x1_1bit:mux15                                                                                                               ; mux_8x1_1bit            ; work         ;
;       |mux_8x1_1bit:mux16|                       ; 4 (4)               ; 0 (0)                     ; 0                 ; 0          ; 0    ; 0            ; |alu|mux_8x1_32bit:result_mux|mux_8x1_1bit:mux16                                                                                                               ; mux_8x1_1bit            ; work         ;
;       |mux_8x1_1bit:mux17|                       ; 3 (3)               ; 0 (0)                     ; 0                 ; 0          ; 0    ; 0            ; |alu|mux_8x1_32bit:result_mux|mux_8x1_1bit:mux17                                                                                                               ; mux_8x1_1bit            ; work         ;
;       |mux_8x1_1bit:mux18|                       ; 3 (3)               ; 0 (0)                     ; 0                 ; 0          ; 0    ; 0            ; |alu|mux_8x1_32bit:result_mux|mux_8x1_1bit:mux18                                                                                                               ; mux_8x1_1bit            ; work         ;
;       |mux_8x1_1bit:mux19|                       ; 3 (3)               ; 0 (0)                     ; 0                 ; 0          ; 0    ; 0            ; |alu|mux_8x1_32bit:result_mux|mux_8x1_1bit:mux19                                                                                                               ; mux_8x1_1bit            ; work         ;
;       |mux_8x1_1bit:mux1|                        ; 3 (3)               ; 0 (0)                     ; 0                 ; 0          ; 0    ; 0            ; |alu|mux_8x1_32bit:result_mux|mux_8x1_1bit:mux1                                                                                                                ; mux_8x1_1bit            ; work         ;
;       |mux_8x1_1bit:mux20|                       ; 5 (5)               ; 0 (0)                     ; 0                 ; 0          ; 0    ; 0            ; |alu|mux_8x1_32bit:result_mux|mux_8x1_1bit:mux20                                                                                                               ; mux_8x1_1bit            ; work         ;
;       |mux_8x1_1bit:mux21|                       ; 3 (3)               ; 0 (0)                     ; 0                 ; 0          ; 0    ; 0            ; |alu|mux_8x1_32bit:result_mux|mux_8x1_1bit:mux21                                                                                                               ; mux_8x1_1bit            ; work         ;
;       |mux_8x1_1bit:mux22|                       ; 3 (3)               ; 0 (0)                     ; 0                 ; 0          ; 0    ; 0            ; |alu|mux_8x1_32bit:result_mux|mux_8x1_1bit:mux22                                                                                                               ; mux_8x1_1bit            ; work         ;
;       |mux_8x1_1bit:mux23|                       ; 3 (3)               ; 0 (0)                     ; 0                 ; 0          ; 0    ; 0            ; |alu|mux_8x1_32bit:result_mux|mux_8x1_1bit:mux23                                                                                                               ; mux_8x1_1bit            ; work         ;
;       |mux_8x1_1bit:mux24|                       ; 4 (4)               ; 0 (0)                     ; 0                 ; 0          ; 0    ; 0            ; |alu|mux_8x1_32bit:result_mux|mux_8x1_1bit:mux24                                                                                                               ; mux_8x1_1bit            ; work         ;
;       |mux_8x1_1bit:mux25|                       ; 5 (5)               ; 0 (0)                     ; 0                 ; 0          ; 0    ; 0            ; |alu|mux_8x1_32bit:result_mux|mux_8x1_1bit:mux25                                                                                                               ; mux_8x1_1bit            ; work         ;
;       |mux_8x1_1bit:mux26|                       ; 7 (7)               ; 0 (0)                     ; 0                 ; 0          ; 0    ; 0            ; |alu|mux_8x1_32bit:result_mux|mux_8x1_1bit:mux26                                                                                                               ; mux_8x1_1bit            ; work         ;
;       |mux_8x1_1bit:mux27|                       ; 4 (4)               ; 0 (0)                     ; 0                 ; 0          ; 0    ; 0            ; |alu|mux_8x1_32bit:result_mux|mux_8x1_1bit:mux27                                                                                                               ; mux_8x1_1bit            ; work         ;
;       |mux_8x1_1bit:mux28|                       ; 4 (4)               ; 0 (0)                     ; 0                 ; 0          ; 0    ; 0            ; |alu|mux_8x1_32bit:result_mux|mux_8x1_1bit:mux28                                                                                                               ; mux_8x1_1bit            ; work         ;
;       |mux_8x1_1bit:mux29|                       ; 7 (7)               ; 0 (0)                     ; 0                 ; 0          ; 0    ; 0            ; |alu|mux_8x1_32bit:result_mux|mux_8x1_1bit:mux29                                                                                                               ; mux_8x1_1bit            ; work         ;
;       |mux_8x1_1bit:mux2|                        ; 3 (3)               ; 0 (0)                     ; 0                 ; 0          ; 0    ; 0            ; |alu|mux_8x1_32bit:result_mux|mux_8x1_1bit:mux2                                                                                                                ; mux_8x1_1bit            ; work         ;
;       |mux_8x1_1bit:mux30|                       ; 6 (6)               ; 0 (0)                     ; 0                 ; 0          ; 0    ; 0            ; |alu|mux_8x1_32bit:result_mux|mux_8x1_1bit:mux30                                                                                                               ; mux_8x1_1bit            ; work         ;
;       |mux_8x1_1bit:mux31|                       ; 3 (3)               ; 0 (0)                     ; 0                 ; 0          ; 0    ; 0            ; |alu|mux_8x1_32bit:result_mux|mux_8x1_1bit:mux31                                                                                                               ; mux_8x1_1bit            ; work         ;
;       |mux_8x1_1bit:mux3|                        ; 3 (3)               ; 0 (0)                     ; 0                 ; 0          ; 0    ; 0            ; |alu|mux_8x1_32bit:result_mux|mux_8x1_1bit:mux3                                                                                                                ; mux_8x1_1bit            ; work         ;
;       |mux_8x1_1bit:mux4|                        ; 2 (2)               ; 0 (0)                     ; 0                 ; 0          ; 0    ; 0            ; |alu|mux_8x1_32bit:result_mux|mux_8x1_1bit:mux4                                                                                                                ; mux_8x1_1bit            ; work         ;
;       |mux_8x1_1bit:mux5|                        ; 3 (3)               ; 0 (0)                     ; 0                 ; 0          ; 0    ; 0            ; |alu|mux_8x1_32bit:result_mux|mux_8x1_1bit:mux5                                                                                                                ; mux_8x1_1bit            ; work         ;
;       |mux_8x1_1bit:mux6|                        ; 2 (2)               ; 0 (0)                     ; 0                 ; 0          ; 0    ; 0            ; |alu|mux_8x1_32bit:result_mux|mux_8x1_1bit:mux6                                                                                                                ; mux_8x1_1bit            ; work         ;
;       |mux_8x1_1bit:mux7|                        ; 4 (4)               ; 0 (0)                     ; 0                 ; 0          ; 0    ; 0            ; |alu|mux_8x1_32bit:result_mux|mux_8x1_1bit:mux7                                                                                                                ; mux_8x1_1bit            ; work         ;
;       |mux_8x1_1bit:mux8|                        ; 2 (2)               ; 0 (0)                     ; 0                 ; 0          ; 0    ; 0            ; |alu|mux_8x1_32bit:result_mux|mux_8x1_1bit:mux8                                                                                                                ; mux_8x1_1bit            ; work         ;
;       |mux_8x1_1bit:mux9|                        ; 2 (2)               ; 0 (0)                     ; 0                 ; 0          ; 0    ; 0            ; |alu|mux_8x1_32bit:result_mux|mux_8x1_1bit:mux9                                                                                                                ; mux_8x1_1bit            ; work         ;
;    |subtractor_32bit:subtractor_inst|            ; 36 (0)              ; 0 (0)                     ; 0                 ; 0          ; 0    ; 0            ; |alu|subtractor_32bit:subtractor_inst                                                                                                                          ; subtractor_32bit        ; work         ;
;       |cla_adder_32bit:perform_subtraction|      ; 36 (0)              ; 0 (0)                     ; 0                 ; 0          ; 0    ; 0            ; |alu|subtractor_32bit:subtractor_inst|cla_adder_32bit:perform_subtraction                                                                                      ; cla_adder_32bit         ; work         ;
;          |cla_adder_4bit:cla_block0|             ; 2 (2)               ; 0 (0)                     ; 0                 ; 0          ; 0    ; 0            ; |alu|subtractor_32bit:subtractor_inst|cla_adder_32bit:perform_subtraction|cla_adder_4bit:cla_block0                                                            ; cla_adder_4bit          ; work         ;
;          |cla_adder_4bit:cla_block1|             ; 7 (7)               ; 0 (0)                     ; 0                 ; 0          ; 0    ; 0            ; |alu|subtractor_32bit:subtractor_inst|cla_adder_32bit:perform_subtraction|cla_adder_4bit:cla_block1                                                            ; cla_adder_4bit          ; work         ;
;          |cla_adder_4bit:cla_block2|             ; 8 (8)               ; 0 (0)                     ; 0                 ; 0          ; 0    ; 0            ; |alu|subtractor_32bit:subtractor_inst|cla_adder_32bit:perform_subtraction|cla_adder_4bit:cla_block2                                                            ; cla_adder_4bit          ; work         ;
;          |cla_adder_4bit:cla_block3|             ; 7 (7)               ; 0 (0)                     ; 0                 ; 0          ; 0    ; 0            ; |alu|subtractor_32bit:subtractor_inst|cla_adder_32bit:perform_subtraction|cla_adder_4bit:cla_block3                                                            ; cla_adder_4bit          ; work         ;
;          |cla_adder_4bit:cla_block4|             ; 4 (4)               ; 0 (0)                     ; 0                 ; 0          ; 0    ; 0            ; |alu|subtractor_32bit:subtractor_inst|cla_adder_32bit:perform_subtraction|cla_adder_4bit:cla_block4                                                            ; cla_adder_4bit          ; work         ;
;          |cla_adder_4bit:cla_block5|             ; 2 (2)               ; 0 (0)                     ; 0                 ; 0          ; 0    ; 0            ; |alu|subtractor_32bit:subtractor_inst|cla_adder_32bit:perform_subtraction|cla_adder_4bit:cla_block5                                                            ; cla_adder_4bit          ; work         ;
;          |cla_adder_4bit:cla_block6|             ; 4 (4)               ; 0 (0)                     ; 0                 ; 0          ; 0    ; 0            ; |alu|subtractor_32bit:subtractor_inst|cla_adder_32bit:perform_subtraction|cla_adder_4bit:cla_block6                                                            ; cla_adder_4bit          ; work         ;
;          |cla_adder_4bit:cla_block7|             ; 2 (2)               ; 0 (0)                     ; 0                 ; 0          ; 0    ; 0            ; |alu|subtractor_32bit:subtractor_inst|cla_adder_32bit:perform_subtraction|cla_adder_4bit:cla_block7                                                            ; cla_adder_4bit          ; work         ;
;    |xor_gate_32bit:xor_gate_inst|                ; 7 (0)               ; 0 (0)                     ; 0                 ; 0          ; 0    ; 0            ; |alu|xor_gate_32bit:xor_gate_inst                                                                                                                              ; xor_gate_32bit          ; work         ;
;       |xor_gate_1bit:xor12|                      ; 1 (1)               ; 0 (0)                     ; 0                 ; 0          ; 0    ; 0            ; |alu|xor_gate_32bit:xor_gate_inst|xor_gate_1bit:xor12                                                                                                          ; xor_gate_1bit           ; work         ;
;       |xor_gate_1bit:xor16|                      ; 1 (1)               ; 0 (0)                     ; 0                 ; 0          ; 0    ; 0            ; |alu|xor_gate_32bit:xor_gate_inst|xor_gate_1bit:xor16                                                                                                          ; xor_gate_1bit           ; work         ;
;       |xor_gate_1bit:xor20|                      ; 1 (1)               ; 0 (0)                     ; 0                 ; 0          ; 0    ; 0            ; |alu|xor_gate_32bit:xor_gate_inst|xor_gate_1bit:xor20                                                                                                          ; xor_gate_1bit           ; work         ;
;       |xor_gate_1bit:xor21|                      ; 1 (1)               ; 0 (0)                     ; 0                 ; 0          ; 0    ; 0            ; |alu|xor_gate_32bit:xor_gate_inst|xor_gate_1bit:xor21                                                                                                          ; xor_gate_1bit           ; work         ;
;       |xor_gate_1bit:xor22|                      ; 1 (1)               ; 0 (0)                     ; 0                 ; 0          ; 0    ; 0            ; |alu|xor_gate_32bit:xor_gate_inst|xor_gate_1bit:xor22                                                                                                          ; xor_gate_1bit           ; work         ;
;       |xor_gate_1bit:xor23|                      ; 1 (1)               ; 0 (0)                     ; 0                 ; 0          ; 0    ; 0            ; |alu|xor_gate_32bit:xor_gate_inst|xor_gate_1bit:xor23                                                                                                          ; xor_gate_1bit           ; work         ;
;       |xor_gate_1bit:xor25|                      ; 1 (1)               ; 0 (0)                     ; 0                 ; 0          ; 0    ; 0            ; |alu|xor_gate_32bit:xor_gate_inst|xor_gate_1bit:xor25                                                                                                          ; xor_gate_1bit           ; work         ;
+--------------------------------------------------+---------------------+---------------------------+-------------------+------------+------+--------------+----------------------------------------------------------------------------------------------------------------------------------------------------------------+-------------------------+--------------+
Note: For table entries with two numbers listed, the numbers in parentheses indicate the number of resources of the given type used by the specific entity alone. The numbers listed outside of parentheses indicate the total resources of the given type used by the specific entity and all of its sub-entities in the hierarchy.


Encoding Type:  One-Hot
+-------------------------------------------------------------+
; State Machine - |alu|mod:mod_inst|mod_cu:control_unit|state ;
+----------------+-------------+-----------+------------------+
; Name           ; state.START ; state.END ; state.SUBTRACT   ;
+----------------+-------------+-----------+------------------+
; state.START    ; 0           ; 0         ; 0                ;
; state.SUBTRACT ; 1           ; 0         ; 1                ;
; state.END      ; 1           ; 1         ; 0                ;
+----------------+-------------+-----------+------------------+


+-------------------------------------------------------------------+
; Registers Removed During Synthesis                                ;
+----------------------------------------------+--------------------+
; Register name                                ; Reason for Removal ;
+----------------------------------------------+--------------------+
; mod:mod_inst|mod_cu:control_unit|state.START ; Lost fanout        ;
; Total Number of Removed Registers = 1        ;                    ;
+----------------------------------------------+--------------------+


+------------------------------------------------------+
; General Register Statistics                          ;
+----------------------------------------------+-------+
; Statistic                                    ; Value ;
+----------------------------------------------+-------+
; Total registers                              ; 68    ;
; Number of registers using Synchronous Clear  ; 2     ;
; Number of registers using Synchronous Load   ; 32    ;
; Number of registers using Asynchronous Clear ; 0     ;
; Number of registers using Asynchronous Load  ; 0     ;
; Number of registers using Clock Enable       ; 64    ;
; Number of registers using Preset             ; 0     ;
+----------------------------------------------+-------+


+----------------------------------------------------------------------------------------------------------------------------------------------------------+
; Multiplexer Restructuring Statistics (Restructuring Performed)                                                                                           ;
+--------------------+-----------+---------------+----------------------+------------------------+------------+--------------------------------------------+
; Multiplexer Inputs ; Bus Width ; Baseline Area ; Area if Restructured ; Saving if Restructured ; Registered ; Example Multiplexer Output                 ;
+--------------------+-----------+---------------+----------------------+------------------------+------------+--------------------------------------------+
; 3:1                ; 32 bits   ; 64 LEs        ; 0 LEs                ; 64 LEs                 ; Yes        ; |alu|mod:mod_inst|mod_dp:datapath|TEMP[15] ;
+--------------------+-----------+---------------+----------------------+------------------------+------------+--------------------------------------------+


+--------------------------------------------------------------------------------+
; Port Connectivity Checks: "less_than_32bit:less_than_inst|or_gate_32bit:my_or" ;
+----------+-------+----------+--------------------------------------------------+
; Port     ; Type  ; Severity ; Details                                          ;
+----------+-------+----------+--------------------------------------------------+
; A        ; Input ; Info     ; Stuck at GND                                     ;
; B[31..1] ; Input ; Info     ; Stuck at GND                                     ;
+----------+-------+----------+--------------------------------------------------+


+-------------------------------------------------------------------------------------------------------------------------------------------------------------+
; Port Connectivity Checks: "less_than_32bit:less_than_inst|subtractor_32bit:subtractor_inst|cla_adder_32bit:add_one_to_inverted_b|cla_adder_4bit:cla_block7" ;
+------+--------+----------+----------------------------------------------------------------------------------------------------------------------------------+
; Port ; Type   ; Severity ; Details                                                                                                                          ;
+------+--------+----------+----------------------------------------------------------------------------------------------------------------------------------+
; cout ; Output ; Info     ; Connected to dangling logic. Logic that only feeds a dangling port will be removed.                                              ;
+------+--------+----------+----------------------------------------------------------------------------------------------------------------------------------+


+-------------------------------------------------------------------------------------------------------------------------------------------------------------+
; Port Connectivity Checks: "less_than_32bit:less_than_inst|subtractor_32bit:subtractor_inst|cla_adder_32bit:add_one_to_inverted_b|cla_adder_4bit:cla_block0" ;
+------+-------+----------+-----------------------------------------------------------------------------------------------------------------------------------+
; Port ; Type  ; Severity ; Details                                                                                                                           ;
+------+-------+----------+-----------------------------------------------------------------------------------------------------------------------------------+
; cin  ; Input ; Info     ; Stuck at GND                                                                                                                      ;
+------+-------+----------+-----------------------------------------------------------------------------------------------------------------------------------+


+-----------------------------------------------------------------------------------------------------------------------------------+
; Port Connectivity Checks: "less_than_32bit:less_than_inst|subtractor_32bit:subtractor_inst|cla_adder_32bit:add_one_to_inverted_b" ;
+----------+-------+----------+-----------------------------------------------------------------------------------------------------+
; Port     ; Type  ; Severity ; Details                                                                                             ;
+----------+-------+----------+-----------------------------------------------------------------------------------------------------+
; b[31..1] ; Input ; Info     ; Stuck at GND                                                                                        ;
; b[0]     ; Input ; Info     ; Stuck at VCC                                                                                        ;
+----------+-------+----------+-----------------------------------------------------------------------------------------------------+


+-----------------------------------------------------------------------------------------------------------------------+
; Port Connectivity Checks: "less_than_32bit:less_than_inst|subtractor_32bit:subtractor_inst"                           ;
+-------------+--------+----------+-------------------------------------------------------------------------------------+
; Port        ; Type   ; Severity ; Details                                                                             ;
+-------------+--------+----------+-------------------------------------------------------------------------------------+
; diff[30..0] ; Output ; Info     ; Connected to dangling logic. Logic that only feeds a dangling port will be removed. ;
+-------------+--------+----------+-------------------------------------------------------------------------------------+


+-----------------------------------------------------+
; Post-Synthesis Netlist Statistics for Top Partition ;
+-----------------------+-----------------------------+
; Type                  ; Count                       ;
+-----------------------+-----------------------------+
; arriav_ff             ; 68                          ;
;     ENA               ; 32                          ;
;     ENA SLD           ; 32                          ;
;     SCLR              ; 2                           ;
;     plain             ; 2                           ;
; arriav_lcell_comb     ; 343                         ;
;     extend            ; 10                          ;
;         7 data inputs ; 10                          ;
;     normal            ; 301                         ;
;         2 data inputs ; 29                          ;
;         3 data inputs ; 38                          ;
;         4 data inputs ; 52                          ;
;         5 data inputs ; 85                          ;
;         6 data inputs ; 97                          ;
;     shared            ; 32                          ;
;         2 data inputs ; 32                          ;
; boundary_port         ; 101                         ;
;                       ;                             ;
; Max LUT depth         ; 10.00                       ;
; Average LUT depth     ; 6.03                        ;
+-----------------------+-----------------------------+


+-------------------------------+
; Elapsed Time Per Partition    ;
+----------------+--------------+
; Partition Name ; Elapsed Time ;
+----------------+--------------+
; Top            ; 00:00:01     ;
+----------------+--------------+


+-------------------------------+
; Analysis & Synthesis Messages ;
+-------------------------------+
Info: *******************************************************************
Info: Running Quartus Prime Analysis & Synthesis
    Info: Version 20.1.1 Build 720 11/11/2020 SJ Lite Edition
    Info: Processing started: Sun Dec 10 23:48:11 2023
Info: Command: quartus_map --read_settings_files=on --write_settings_files=off alu -c alu
Warning (18236): Number of processors has not been specified which may cause overloading on shared machines.  Set the global assignment NUM_PARALLEL_PROCESSORS in your QSF to an appropriate value for best performance.
Info (20030): Parallel compilation is enabled and will use 16 of the 16 processors detected
Info (12021): Found 1 design units, including 1 entities, in source file alu.v
    Info (12023): Found entity 1: alu File: D:/project2/alu.v Line: 1
Info (12021): Found 1 design units, including 1 entities, in source file and_gate_32bit.v
    Info (12023): Found entity 1: and_gate_32bit File: D:/project2/and_gate_32bit.v Line: 1
Info (12021): Found 1 design units, including 1 entities, in source file and_gate_1bit.v
    Info (12023): Found entity 1: and_gate_1bit File: D:/project2/and_gate_1bit.v Line: 1
Info (12021): Found 1 design units, including 1 entities, in source file or_gate_1bit.v
    Info (12023): Found entity 1: or_gate_1bit File: D:/project2/or_gate_1bit.v Line: 1
Info (12021): Found 1 design units, including 1 entities, in source file or_gate_32bit.v
    Info (12023): Found entity 1: or_gate_32bit File: D:/project2/or_gate_32bit.v Line: 1
Info (12021): Found 1 design units, including 1 entities, in source file xor_gate_1bit.v
    Info (12023): Found entity 1: xor_gate_1bit File: D:/project2/xor_gate_1bit.v Line: 1
Info (12021): Found 1 design units, including 1 entities, in source file xor_gate_32bit.v
    Info (12023): Found entity 1: xor_gate_32bit File: D:/project2/xor_gate_32bit.v Line: 1
Info (12021): Found 1 design units, including 1 entities, in source file nor_gate_1bit.v
    Info (12023): Found entity 1: nor_gate_1bit File: D:/project2/nor_gate_1bit.v Line: 1
Info (12021): Found 1 design units, including 1 entities, in source file nor_gate_32bit.v
    Info (12023): Found entity 1: nor_gate_32bit File: D:/project2/nor_gate_32bit.v Line: 1
Info (12021): Found 1 design units, including 1 entities, in source file testbench.v
    Info (12023): Found entity 1: testbench File: D:/project2/testbench.v Line: 1
Info (12021): Found 2 design units, including 2 entities, in source file mux8x1.v
    Info (12023): Found entity 1: mux8x1 File: D:/project2/mux8x1.v Line: 1
    Info (12023): Found entity 2: decoder_3_to_8 File: D:/project2/mux8x1.v Line: 38
Info (12021): Found 1 design units, including 1 entities, in source file generate_propagate_unit.v
    Info (12023): Found entity 1: generate_propagate_unit File: D:/project2/generate_propagate_unit.v Line: 1
Info (12021): Found 1 design units, including 1 entities, in source file cla_adder_4bit.v
    Info (12023): Found entity 1: cla_adder_4bit File: D:/project2/cla_adder_4bit.v Line: 1
Info (12021): Found 1 design units, including 1 entities, in source file cla_adder_32bit.v
    Info (12023): Found entity 1: cla_adder_32bit File: D:/project2/cla_adder_32bit.v Line: 1
Info (12021): Found 1 design units, including 1 entities, in source file subtractor_32bit.v
    Info (12023): Found entity 1: subtractor_32bit File: D:/project2/subtractor_32bit.v Line: 1
Info (12021): Found 1 design units, including 1 entities, in source file less_than_32bit.v
    Info (12023): Found entity 1: less_than_32bit File: D:/project2/less_than_32bit.v Line: 1
Info (12021): Found 1 design units, including 1 entities, in source file mod_dp.v
    Info (12023): Found entity 1: mod_dp File: D:/project2/mod_dp.v Line: 1
Info (12021): Found 1 design units, including 1 entities, in source file mod_cu.v
    Info (12023): Found entity 1: mod_cu File: D:/project2/mod_cu.v Line: 1
Info (12021): Found 1 design units, including 1 entities, in source file mod.v
    Info (12023): Found entity 1: mod File: D:/project2/mod.v Line: 1
Info (12021): Found 1 design units, including 1 entities, in source file mux_8x1_32bit.v
    Info (12023): Found entity 1: mux_8x1_32bit File: D:/project2/mux_8x1_32bit.v Line: 1
Info (12021): Found 1 design units, including 1 entities, in source file mux_8x1_1bit.v
    Info (12023): Found entity 1: mux_8x1_1bit File: D:/project2/mux_8x1_1bit.v Line: 1
Warning (10236): Verilog HDL Implicit Net warning at cla_adder_4bit.v(19): created implicit net for "cout0" File: D:/project2/cla_adder_4bit.v Line: 19
Warning (10236): Verilog HDL Implicit Net warning at cla_adder_4bit.v(23): created implicit net for "cout1" File: D:/project2/cla_adder_4bit.v Line: 23
Warning (10236): Verilog HDL Implicit Net warning at cla_adder_4bit.v(28): created implicit net for "cout2" File: D:/project2/cla_adder_4bit.v Line: 28
Info (12127): Elaborating entity "alu" for the top level hierarchy
Info (12128): Elaborating entity "and_gate_32bit" for hierarchy "and_gate_32bit:and_gate_inst" File: D:/project2/alu.v Line: 14
Info (12128): Elaborating entity "and_gate_1bit" for hierarchy "and_gate_32bit:and_gate_inst|and_gate_1bit:and0" File: D:/project2/and_gate_32bit.v Line: 7
Info (12128): Elaborating entity "or_gate_32bit" for hierarchy "or_gate_32bit:or_gate_inst" File: D:/project2/alu.v Line: 15
Info (12128): Elaborating entity "or_gate_1bit" for hierarchy "or_gate_32bit:or_gate_inst|or_gate_1bit:or0" File: D:/project2/or_gate_32bit.v Line: 7
Info (12128): Elaborating entity "xor_gate_32bit" for hierarchy "xor_gate_32bit:xor_gate_inst" File: D:/project2/alu.v Line: 16
Info (12128): Elaborating entity "xor_gate_1bit" for hierarchy "xor_gate_32bit:xor_gate_inst|xor_gate_1bit:xor0" File: D:/project2/xor_gate_32bit.v Line: 7
Info (12128): Elaborating entity "nor_gate_32bit" for hierarchy "nor_gate_32bit:nor_gate_inst" File: D:/project2/alu.v Line: 17
Info (12128): Elaborating entity "nor_gate_1bit" for hierarchy "nor_gate_32bit:nor_gate_inst|nor_gate_1bit:nor0" File: D:/project2/nor_gate_32bit.v Line: 7
Info (12128): Elaborating entity "less_than_32bit" for hierarchy "less_than_32bit:less_than_inst" File: D:/project2/alu.v Line: 18
Info (12128): Elaborating entity "subtractor_32bit" for hierarchy "less_than_32bit:less_than_inst|subtractor_32bit:subtractor_inst" File: D:/project2/less_than_32bit.v Line: 13
Info (12128): Elaborating entity "cla_adder_32bit" for hierarchy "less_than_32bit:less_than_inst|subtractor_32bit:subtractor_inst|cla_adder_32bit:add_one_to_inverted_b" File: D:/project2/subtractor_32bit.v Line: 48
Info (12128): Elaborating entity "cla_adder_4bit" for hierarchy "less_than_32bit:less_than_inst|subtractor_32bit:subtractor_inst|cla_adder_32bit:add_one_to_inverted_b|cla_adder_4bit:cla_block0" File: D:/project2/cla_adder_32bit.v Line: 10
Info (12128): Elaborating entity "generate_propagate_unit" for hierarchy "less_than_32bit:less_than_inst|subtractor_32bit:subtractor_inst|cla_adder_32bit:add_one_to_inverted_b|cla_adder_4bit:cla_block0|generate_propagate_unit:gp0" File: D:/project2/cla_adder_4bit.v Line: 12
Info (12128): Elaborating entity "mod" for hierarchy "mod:mod_inst" File: D:/project2/alu.v Line: 21
Info (12128): Elaborating entity "mod_dp" for hierarchy "mod:mod_inst|mod_dp:datapath" File: D:/project2/mod.v Line: 10
Info (12128): Elaborating entity "mod_cu" for hierarchy "mod:mod_inst|mod_cu:control_unit" File: D:/project2/mod.v Line: 11
Info (12128): Elaborating entity "mux_8x1_32bit" for hierarchy "mux_8x1_32bit:result_mux" File: D:/project2/alu.v Line: 23
Info (12128): Elaborating entity "mux_8x1_1bit" for hierarchy "mux_8x1_32bit:result_mux|mux_8x1_1bit:mux0" File: D:/project2/mux_8x1_32bit.v Line: 2
Info (286030): Timing-Driven Synthesis is running
Info (17049): 1 registers lost all their fanouts during netlist optimizations.
Info (144001): Generated suppressed messages file D:/project2/output_files/alu.map.smsg
Info (16010): Generating hard_block partition "hard_block:auto_generated_inst"
    Info (16011): Adding 0 node(s), including 0 DDIO, 0 PLL, 0 transceiver and 0 LCELL
Info (21057): Implemented 476 device resources after synthesis - the final resource count might be different
    Info (21058): Implemented 69 input pins
    Info (21059): Implemented 32 output pins
    Info (21061): Implemented 375 logic cells
Info: Quartus Prime Analysis & Synthesis was successful. 0 errors, 4 warnings
    Info: Peak virtual memory: 4908 megabytes
    Info: Processing ended: Sun Dec 10 23:48:20 2023
    Info: Elapsed time: 00:00:09
    Info: Total CPU time (on all processors): 00:00:07


+------------------------------------------+
; Analysis & Synthesis Suppressed Messages ;
+------------------------------------------+
The suppressed messages can be found in D:/project2/output_files/alu.map.smsg.


